<?xml version="1.0" encoding="UTF-8"?>
<testng-results ignored="0" total="1" passed="1" failed="0" skipped="0">
  <reporter-output>
  </reporter-output>
  <suite started-at="2024-05-16T01:18:28 IST" name="Suite" finished-at="2024-05-16T01:18:28 IST" duration-ms="27">
    <groups>
    </groups>
    <test started-at="2024-05-16T01:18:28 IST" name="Test" finished-at="2024-05-16T01:18:28 IST" duration-ms="27">
      <class name="testNG_test.NewTest">
        <test-method is-config="true" signature="beforeClass1()[pri:0, instance:testNG_test.NewTest@47e2e487]" started-at="2024-05-16T01:18:28 IST" name="beforeClass1" finished-at="2024-05-16T01:18:28 IST" duration-ms="4" status="PASS">
          <reporter-output>
          </reporter-output>
        </test-method> <!-- beforeClass1 -->
        <test-method is-config="true" signature="beforeMethod1()[pri:0, instance:testNG_test.NewTest@47e2e487]" started-at="2024-05-16T01:18:28 IST" name="beforeMethod1" finished-at="2024-05-16T01:18:28 IST" depends-on-methods="testNG_test.NewTest.beforeMethod2" duration-ms="0" status="PASS">
          <reporter-output>
          </reporter-output>
        </test-method> <!-- beforeMethod1 -->
        <test-method signature="testMethod1()[pri:0, instance:testNG_test.NewTest@47e2e487]" started-at="2024-05-16T01:18:28 IST" name="testMethod1" finished-at="2024-05-16T01:18:28 IST" duration-ms="5" status="PASS">
          <reporter-output>
          </reporter-output>
        </test-method> <!-- testMethod1 -->
        <test-method is-config="true" signature="beforeMethod2()[pri:0, instance:testNG_test.NewTest@47e2e487]" started-at="2024-05-16T01:18:28 IST" name="beforeMethod2" finished-at="2024-05-16T01:18:28 IST" duration-ms="0" status="PASS">
          <reporter-output>
          </reporter-output>
        </test-method> <!-- beforeMethod2 -->
        <test-method is-config="true" signature="afterMethod2()[pri:0, instance:testNG_test.NewTest@47e2e487]" started-at="2024-05-16T01:18:28 IST" name="afterMethod2" finished-at="2024-05-16T01:18:28 IST" duration-ms="1" status="PASS">
          <reporter-output>
          </reporter-output>
        </test-method> <!-- afterMethod2 -->
        <test-method is-config="true" signature="afterMethod1()[pri:0, instance:testNG_test.NewTest@47e2e487]" started-at="2024-05-16T01:18:28 IST" name="afterMethod1" finished-at="2024-05-16T01:18:28 IST" duration-ms="0" status="PASS">
          <reporter-output>
          </reporter-output>
        </test-method> <!-- afterMethod1 -->
        <test-method is-config="true" signature="afterClass1()[pri:0, instance:testNG_test.NewTest@47e2e487]" started-at="2024-05-16T01:18:28 IST" name="afterClass1" finished-at="2024-05-16T01:18:28 IST" duration-ms="0" status="PASS">
          <reporter-output>
          </reporter-output>
        </test-method> <!-- afterClass1 -->
      </class> <!-- testNG_test.NewTest -->
    </test> <!-- Test -->
  </suite> <!-- Suite -->
</testng-results>
